<?xml version="1.0" encoding="UTF-8"?>
<!-- Generated by org.testng.reporters.JUnitXMLReporter -->
<testsuite hostname="VAIO" ignored="0" name="Test" tests="6" failures="0" timestamp="2020-03-03T19:19:36 IST" time="0.202" errors="0">
  <testcase name="test3" time="0.016" classname="mavendemo.SeleniumTest"/>
  <testcase name="test4" time="0.001" classname="mavendemo.SeleniumTest"/>
  <testcase name="test5" time="0.001" classname="mavendemo.RestAPITest"/>
  <testcase name="test6" time="0.001" classname="mavendemo.RestAPITest"/>
  <testcase name="test1" time="0.001" classname="mavendemo.AppiumTest"/>
  <testcase name="test2" time="0.001" classname="mavendemo.AppiumTest"/>
</testsuite> <!-- Test -->
