<?xml version="1.0" encoding="UTF-8"?>
<testng-results skipped="0" failed="0" ignored="0" total="6" passed="6">
  <reporter-output>
  </reporter-output>
  <suite name="Suite" duration-ms="202" started-at="2020-03-03T19:19:36 IST" finished-at="2020-03-03T19:19:36 IST">
    <groups>
    </groups>
    <test name="Test" duration-ms="202" started-at="2020-03-03T19:19:36 IST" finished-at="2020-03-03T19:19:36 IST">
      <class name="mavendemo.RestAPITest">
        <test-method status="PASS" signature="test5()[pri:0, instance:mavendemo.RestAPITest@52a86356]" name="test5" duration-ms="1" started-at="2020-03-03T19:19:36 IST" finished-at="2020-03-03T19:19:36 IST">
          <reporter-output>
          </reporter-output>
        </test-method> <!-- test5 -->
        <test-method status="PASS" signature="test6()[pri:0, instance:mavendemo.RestAPITest@52a86356]" name="test6" duration-ms="1" started-at="2020-03-03T19:19:36 IST" finished-at="2020-03-03T19:19:36 IST">
          <reporter-output>
          </reporter-output>
        </test-method> <!-- test6 -->
      </class> <!-- mavendemo.RestAPITest -->
      <class name="mavendemo.SeleniumTest">
        <test-method status="PASS" signature="test3()[pri:0, instance:mavendemo.SeleniumTest@66480dd7]" name="test3" duration-ms="16" started-at="2020-03-03T19:19:36 IST" finished-at="2020-03-03T19:19:36 IST">
          <reporter-output>
          </reporter-output>
        </test-method> <!-- test3 -->
        <test-method status="PASS" signature="test4()[pri:0, instance:mavendemo.SeleniumTest@66480dd7]" name="test4" duration-ms="1" started-at="2020-03-03T19:19:36 IST" finished-at="2020-03-03T19:19:36 IST">
          <reporter-output>
          </reporter-output>
        </test-method> <!-- test4 -->
      </class> <!-- mavendemo.SeleniumTest -->
      <class name="mavendemo.AppiumTest">
        <test-method status="PASS" signature="test1()[pri:0, instance:mavendemo.AppiumTest@5ce81285]" name="test1" duration-ms="1" started-at="2020-03-03T19:19:36 IST" finished-at="2020-03-03T19:19:36 IST">
          <reporter-output>
          </reporter-output>
        </test-method> <!-- test1 -->
        <test-method status="PASS" signature="test2()[pri:0, instance:mavendemo.AppiumTest@5ce81285]" name="test2" duration-ms="1" started-at="2020-03-03T19:19:36 IST" finished-at="2020-03-03T19:19:36 IST">
          <reporter-output>
          </reporter-output>
        </test-method> <!-- test2 -->
      </class> <!-- mavendemo.AppiumTest -->
    </test> <!-- Test -->
  </suite> <!-- Suite -->
</testng-results>
